\\DISNEY10\UDATA$\H22I21\MY DOCUMENTS\VISUAL STUDIO 2010\PROJECTS\KIKORI\DEBUG\APP.OBJ
\\DISNEY10\UDATA$\H22I21\MY DOCUMENTS\VISUAL STUDIO 2010\PROJECTS\KIKORI\DEBUG\APPLE.OBJ
\\DISNEY10\UDATA$\H22I21\MY DOCUMENTS\VISUAL STUDIO 2010\PROJECTS\KIKORI\DEBUG\BGM.OBJ
\\DISNEY10\UDATA$\H22I21\MY DOCUMENTS\VISUAL STUDIO 2010\PROJECTS\KIKORI\DEBUG\FALLINGOBJECT.OBJ
\\DISNEY10\UDATA$\H22I21\MY DOCUMENTS\VISUAL STUDIO 2010\PROJECTS\KIKORI\DEBUG\HAND.OBJ
\\DISNEY10\UDATA$\H22I21\MY DOCUMENTS\VISUAL STUDIO 2010\PROJECTS\KIKORI\DEBUG\KIKORI.EXE
\\DISNEY10\UDATA$\H22I21\MY DOCUMENTS\VISUAL STUDIO 2010\PROJECTS\KIKORI\DEBUG\KIKORI.EXE.EMBED.MANIFEST
\\DISNEY10\UDATA$\H22I21\MY DOCUMENTS\VISUAL STUDIO 2010\PROJECTS\KIKORI\DEBUG\KIKORI.EXE.EMBED.MANIFEST.RES
\\DISNEY10\UDATA$\H22I21\MY DOCUMENTS\VISUAL STUDIO 2010\PROJECTS\KIKORI\DEBUG\KIKORI.EXE.INTERMEDIATE.MANIFEST
\\DISNEY10\UDATA$\H22I21\MY DOCUMENTS\VISUAL STUDIO 2010\PROJECTS\KIKORI\DEBUG\KIKORI.ILK
\\DISNEY10\UDATA$\H22I21\MY DOCUMENTS\VISUAL STUDIO 2010\PROJECTS\KIKORI\DEBUG\KIKORI.PDB
\\DISNEY10\UDATA$\H22I21\MY DOCUMENTS\VISUAL STUDIO 2010\PROJECTS\KIKORI\DEBUG\MAIN.OBJ
\\DISNEY10\UDATA$\H22I21\MY DOCUMENTS\VISUAL STUDIO 2010\PROJECTS\KIKORI\DEBUG\MELON.OBJ
\\DISNEY10\UDATA$\H22I21\MY DOCUMENTS\VISUAL STUDIO 2010\PROJECTS\KIKORI\DEBUG\MUSIC.OBJ
\\DISNEY10\UDATA$\H22I21\MY DOCUMENTS\VISUAL STUDIO 2010\PROJECTS\KIKORI\DEBUG\MUSICAPPLE.OBJ
\\DISNEY10\UDATA$\H22I21\MY DOCUMENTS\VISUAL STUDIO 2010\PROJECTS\KIKORI\DEBUG\MUSICINFO.OBJ
\\DISNEY10\UDATA$\H22I21\MY DOCUMENTS\VISUAL STUDIO 2010\PROJECTS\KIKORI\DEBUG\MUSICSELECT.OBJ
\\DISNEY10\UDATA$\H22I21\MY DOCUMENTS\VISUAL STUDIO 2010\PROJECTS\KIKORI\DEBUG\OPENING.OBJ
\\DISNEY10\UDATA$\H22I21\MY DOCUMENTS\VISUAL STUDIO 2010\PROJECTS\KIKORI\DEBUG\PINEAPPLE.OBJ
\\DISNEY10\UDATA$\H22I21\MY DOCUMENTS\VISUAL STUDIO 2010\PROJECTS\KIKORI\DEBUG\PLAY.OBJ
\\DISNEY10\UDATA$\H22I21\MY DOCUMENTS\VISUAL STUDIO 2010\PROJECTS\KIKORI\DEBUG\POSITION.OBJ
\\DISNEY10\UDATA$\H22I21\MY DOCUMENTS\VISUAL STUDIO 2010\PROJECTS\KIKORI\DEBUG\RESULT.OBJ
\\DISNEY10\UDATA$\H22I21\MY DOCUMENTS\VISUAL STUDIO 2010\PROJECTS\KIKORI\DEBUG\SCENE.OBJ
\\DISNEY10\UDATA$\H22I21\MY DOCUMENTS\VISUAL STUDIO 2010\PROJECTS\KIKORI\DEBUG\SCORE.OBJ
\\DISNEY10\UDATA$\H22I21\MY DOCUMENTS\VISUAL STUDIO 2010\PROJECTS\KIKORI\DEBUG\SE.OBJ
\\DISNEY10\UDATA$\H22I21\MY DOCUMENTS\VISUAL STUDIO 2010\PROJECTS\KIKORI\DEBUG\TEST.OBJ
\\DISNEY10\UDATA$\H22I21\MY DOCUMENTS\VISUAL STUDIO 2010\PROJECTS\KIKORI\DEBUG\TREE.OBJ
\\DISNEY10\UDATA$\H22I21\MY DOCUMENTS\VISUAL STUDIO 2010\PROJECTS\KIKORI\DEBUG\VC100.PDB
C:\USERS\ブー\DOCUMENTS\VISUAL STUDIO 2010\PROJECTS\KIKORI\DEBUG\APP.OBJ
C:\USERS\ブー\DOCUMENTS\VISUAL STUDIO 2010\PROJECTS\KIKORI\DEBUG\APPLE.OBJ
C:\USERS\ブー\DOCUMENTS\VISUAL STUDIO 2010\PROJECTS\KIKORI\DEBUG\BGM.OBJ
C:\Users\ブー\Documents\Visual Studio 2010\Projects\Kikori\Debug\cl.command.1.tlog
C:\Users\ブー\Documents\Visual Studio 2010\Projects\Kikori\Debug\CL.read.1.tlog
C:\Users\ブー\Documents\Visual Studio 2010\Projects\Kikori\Debug\CL.write.1.tlog
C:\USERS\ブー\DOCUMENTS\VISUAL STUDIO 2010\PROJECTS\KIKORI\DEBUG\FALLINGOBJECT.OBJ
C:\USERS\ブー\DOCUMENTS\VISUAL STUDIO 2010\PROJECTS\KIKORI\DEBUG\HAND.OBJ
C:\USERS\ブー\DOCUMENTS\VISUAL STUDIO 2010\PROJECTS\KIKORI\DEBUG\KIKORI.EXE
C:\Users\ブー\Documents\Visual Studio 2010\Projects\Kikori\Debug\Kikori.exe.embed.manifest
C:\USERS\ブー\DOCUMENTS\VISUAL STUDIO 2010\PROJECTS\KIKORI\DEBUG\KIKORI.EXE.EMBED.MANIFEST.RES
C:\USERS\ブー\DOCUMENTS\VISUAL STUDIO 2010\PROJECTS\KIKORI\DEBUG\KIKORI.EXE.INTERMEDIATE.MANIFEST
C:\USERS\ブー\DOCUMENTS\VISUAL STUDIO 2010\PROJECTS\KIKORI\DEBUG\KIKORI.EXE.MANIFEST
C:\USERS\ブー\DOCUMENTS\VISUAL STUDIO 2010\PROJECTS\KIKORI\DEBUG\KIKORI.ILK
C:\USERS\ブー\DOCUMENTS\VISUAL STUDIO 2010\PROJECTS\KIKORI\DEBUG\KIKORI.PDB
C:\Users\ブー\Documents\Visual Studio 2010\Projects\Kikori\Debug\Kikori.vcxprojResolveAssemblyReference.cache
C:\Users\ブー\Documents\Visual Studio 2010\Projects\Kikori\Debug\Kikori.write.1.tlog
C:\Users\ブー\Documents\Visual Studio 2010\Projects\Kikori\Debug\Kikori_manifest.rc
C:\Users\ブー\Documents\Visual Studio 2010\Projects\Kikori\Debug\link.1112.read.1.tlog
C:\Users\ブー\Documents\Visual Studio 2010\Projects\Kikori\Debug\link.1112.write.1.tlog
C:\Users\ブー\Documents\Visual Studio 2010\Projects\Kikori\Debug\link.1196.read.1.tlog
C:\Users\ブー\Documents\Visual Studio 2010\Projects\Kikori\Debug\link.1196.write.1.tlog
C:\Users\ブー\Documents\Visual Studio 2010\Projects\Kikori\Debug\link.1272.read.1.tlog
C:\Users\ブー\Documents\Visual Studio 2010\Projects\Kikori\Debug\link.1272.write.1.tlog
C:\Users\ブー\Documents\Visual Studio 2010\Projects\Kikori\Debug\link.1380.read.1.tlog
C:\Users\ブー\Documents\Visual Studio 2010\Projects\Kikori\Debug\link.1380.write.1.tlog
C:\Users\ブー\Documents\Visual Studio 2010\Projects\Kikori\Debug\link.1380-cvtres.read.1.tlog
C:\Users\ブー\Documents\Visual Studio 2010\Projects\Kikori\Debug\link.1380-cvtres.write.1.tlog
C:\Users\ブー\Documents\Visual Studio 2010\Projects\Kikori\Debug\link.2200.read.1.tlog
C:\Users\ブー\Documents\Visual Studio 2010\Projects\Kikori\Debug\link.2200.write.1.tlog
C:\Users\ブー\Documents\Visual Studio 2010\Projects\Kikori\Debug\link.3284.read.1.tlog
C:\Users\ブー\Documents\Visual Studio 2010\Projects\Kikori\Debug\link.3284.write.1.tlog
C:\Users\ブー\Documents\Visual Studio 2010\Projects\Kikori\Debug\link.3284-cvtres.read.1.tlog
C:\Users\ブー\Documents\Visual Studio 2010\Projects\Kikori\Debug\link.3284-cvtres.write.1.tlog
C:\Users\ブー\Documents\Visual Studio 2010\Projects\Kikori\Debug\link.3532.read.1.tlog
C:\Users\ブー\Documents\Visual Studio 2010\Projects\Kikori\Debug\link.3532.write.1.tlog
C:\Users\ブー\Documents\Visual Studio 2010\Projects\Kikori\Debug\link.4736.read.1.tlog
C:\Users\ブー\Documents\Visual Studio 2010\Projects\Kikori\Debug\link.4736.write.1.tlog
C:\Users\ブー\Documents\Visual Studio 2010\Projects\Kikori\Debug\link.5356.read.1.tlog
C:\Users\ブー\Documents\Visual Studio 2010\Projects\Kikori\Debug\link.5356.write.1.tlog
C:\Users\ブー\Documents\Visual Studio 2010\Projects\Kikori\Debug\link.5356-cvtres.read.1.tlog
C:\Users\ブー\Documents\Visual Studio 2010\Projects\Kikori\Debug\link.5356-cvtres.write.1.tlog
C:\Users\ブー\Documents\Visual Studio 2010\Projects\Kikori\Debug\link.6248.read.1.tlog
C:\Users\ブー\Documents\Visual Studio 2010\Projects\Kikori\Debug\link.6248.write.1.tlog
C:\Users\ブー\Documents\Visual Studio 2010\Projects\Kikori\Debug\link.6248-cvtres.read.1.tlog
C:\Users\ブー\Documents\Visual Studio 2010\Projects\Kikori\Debug\link.6248-cvtres.write.1.tlog
C:\Users\ブー\Documents\Visual Studio 2010\Projects\Kikori\Debug\link.6360.read.1.tlog
C:\Users\ブー\Documents\Visual Studio 2010\Projects\Kikori\Debug\link.6360.write.1.tlog
C:\Users\ブー\Documents\Visual Studio 2010\Projects\Kikori\Debug\link.6652.read.1.tlog
C:\Users\ブー\Documents\Visual Studio 2010\Projects\Kikori\Debug\link.6652.write.1.tlog
C:\Users\ブー\Documents\Visual Studio 2010\Projects\Kikori\Debug\link.6652-cvtres.read.1.tlog
C:\Users\ブー\Documents\Visual Studio 2010\Projects\Kikori\Debug\link.6652-cvtres.write.1.tlog
C:\Users\ブー\Documents\Visual Studio 2010\Projects\Kikori\Debug\link.command.1.tlog
C:\Users\ブー\Documents\Visual Studio 2010\Projects\Kikori\Debug\link.read.1.tlog
C:\Users\ブー\Documents\Visual Studio 2010\Projects\Kikori\Debug\link.write.1.tlog
C:\Users\ブー\Documents\Visual Studio 2010\Projects\Kikori\Debug\link-cvtres.read.1.tlog
C:\Users\ブー\Documents\Visual Studio 2010\Projects\Kikori\Debug\link-cvtres.write.1.tlog
C:\USERS\ブー\DOCUMENTS\VISUAL STUDIO 2010\PROJECTS\KIKORI\DEBUG\MAIN.OBJ
C:\USERS\ブー\DOCUMENTS\VISUAL STUDIO 2010\PROJECTS\KIKORI\DEBUG\MELON.OBJ
C:\Users\ブー\Documents\Visual Studio 2010\Projects\Kikori\Debug\mt.command.1.tlog
C:\Users\ブー\Documents\Visual Studio 2010\Projects\Kikori\Debug\mt.read.1.tlog
C:\Users\ブー\Documents\Visual Studio 2010\Projects\Kikori\Debug\mt.write.1.tlog
C:\USERS\ブー\DOCUMENTS\VISUAL STUDIO 2010\PROJECTS\KIKORI\DEBUG\MUSIC.OBJ
C:\USERS\ブー\DOCUMENTS\VISUAL STUDIO 2010\PROJECTS\KIKORI\DEBUG\MUSICAPPLE.OBJ
C:\USERS\ブー\DOCUMENTS\VISUAL STUDIO 2010\PROJECTS\KIKORI\DEBUG\MUSICINFO.OBJ
C:\USERS\ブー\DOCUMENTS\VISUAL STUDIO 2010\PROJECTS\KIKORI\DEBUG\MUSICSELECT.OBJ
C:\USERS\ブー\DOCUMENTS\VISUAL STUDIO 2010\PROJECTS\KIKORI\DEBUG\OPENING.OBJ
C:\USERS\ブー\DOCUMENTS\VISUAL STUDIO 2010\PROJECTS\KIKORI\DEBUG\PINEAPPLE.OBJ
C:\USERS\ブー\DOCUMENTS\VISUAL STUDIO 2010\PROJECTS\KIKORI\DEBUG\PLAY.OBJ
C:\USERS\ブー\DOCUMENTS\VISUAL STUDIO 2010\PROJECTS\KIKORI\DEBUG\POSITION.OBJ
C:\Users\ブー\Documents\Visual Studio 2010\Projects\Kikori\Debug\rc.command.1.tlog
C:\Users\ブー\Documents\Visual Studio 2010\Projects\Kikori\Debug\rc.read.1.tlog
C:\Users\ブー\Documents\Visual Studio 2010\Projects\Kikori\Debug\rc.write.1.tlog
C:\USERS\ブー\DOCUMENTS\VISUAL STUDIO 2010\PROJECTS\KIKORI\DEBUG\RESULT.OBJ
C:\USERS\ブー\DOCUMENTS\VISUAL STUDIO 2010\PROJECTS\KIKORI\DEBUG\SCENE.OBJ
C:\USERS\ブー\DOCUMENTS\VISUAL STUDIO 2010\PROJECTS\KIKORI\DEBUG\SCORE.OBJ
C:\USERS\ブー\DOCUMENTS\VISUAL STUDIO 2010\PROJECTS\KIKORI\DEBUG\SE.OBJ
C:\USERS\ブー\DOCUMENTS\VISUAL STUDIO 2010\PROJECTS\KIKORI\DEBUG\TEST.OBJ
C:\USERS\ブー\DOCUMENTS\VISUAL STUDIO 2010\PROJECTS\KIKORI\DEBUG\TREE.OBJ
C:\Users\ブー\Documents\Visual Studio 2010\Projects\Kikori\Debug\vc100.idb
C:\USERS\ブー\DOCUMENTS\VISUAL STUDIO 2010\PROJECTS\KIKORI\DEBUG\VC100.PDB
C:\USERS\ブー\DOCUMENTS\VISUAL STUDIO 2012\PROJECTS\KIKORI\DEBUG\APP.OBJ
C:\USERS\ブー\DOCUMENTS\VISUAL STUDIO 2012\PROJECTS\KIKORI\DEBUG\APPLE.OBJ
C:\USERS\ブー\DOCUMENTS\VISUAL STUDIO 2012\PROJECTS\KIKORI\DEBUG\BGM.OBJ
C:\USERS\ブー\DOCUMENTS\VISUAL STUDIO 2012\PROJECTS\KIKORI\DEBUG\FALLINGOBJECT.OBJ
C:\USERS\ブー\DOCUMENTS\VISUAL STUDIO 2012\PROJECTS\KIKORI\DEBUG\HAND.OBJ
C:\USERS\ブー\DOCUMENTS\VISUAL STUDIO 2012\PROJECTS\KIKORI\DEBUG\KIKORI.EXE.EMBED.MANIFEST.RES
C:\USERS\ブー\DOCUMENTS\VISUAL STUDIO 2012\PROJECTS\KIKORI\DEBUG\MAIN.OBJ
C:\USERS\ブー\DOCUMENTS\VISUAL STUDIO 2012\PROJECTS\KIKORI\DEBUG\MUSIC.OBJ
C:\USERS\ブー\DOCUMENTS\VISUAL STUDIO 2012\PROJECTS\KIKORI\DEBUG\MUSICAPPLE.OBJ
C:\USERS\ブー\DOCUMENTS\VISUAL STUDIO 2012\PROJECTS\KIKORI\DEBUG\MUSICINFO.OBJ
C:\USERS\ブー\DOCUMENTS\VISUAL STUDIO 2012\PROJECTS\KIKORI\DEBUG\MUSICSELECT.OBJ
C:\USERS\ブー\DOCUMENTS\VISUAL STUDIO 2012\PROJECTS\KIKORI\DEBUG\OPENING.OBJ
C:\USERS\ブー\DOCUMENTS\VISUAL STUDIO 2012\PROJECTS\KIKORI\DEBUG\PINEAPPLE.OBJ
C:\USERS\ブー\DOCUMENTS\VISUAL STUDIO 2012\PROJECTS\KIKORI\DEBUG\PLAY.OBJ
C:\USERS\ブー\DOCUMENTS\VISUAL STUDIO 2012\PROJECTS\KIKORI\DEBUG\POSITION.OBJ
C:\USERS\ブー\DOCUMENTS\VISUAL STUDIO 2012\PROJECTS\KIKORI\DEBUG\RESULT.OBJ
C:\USERS\ブー\DOCUMENTS\VISUAL STUDIO 2012\PROJECTS\KIKORI\DEBUG\SCENE.OBJ
C:\USERS\ブー\DOCUMENTS\VISUAL STUDIO 2012\PROJECTS\KIKORI\DEBUG\SCORE.OBJ
C:\USERS\ブー\DOCUMENTS\VISUAL STUDIO 2012\PROJECTS\KIKORI\DEBUG\SE.OBJ
C:\USERS\ブー\DOCUMENTS\VISUAL STUDIO 2012\PROJECTS\KIKORI\DEBUG\TEST.OBJ
C:\USERS\ブー\DOCUMENTS\VISUAL STUDIO 2012\PROJECTS\KIKORI\DEBUG\TREE.OBJ
C:\USERS\ブー\DOCUMENTS\VISUAL STUDIO 2012\PROJECTS\KIKORI\DEBUG\VC100.PDB
